Build started 28-10-2014 12:22:47.
     1>Project "D:\School NHTV IGAD\Year 1\Block A\Programming\Projects\Year 1\Block A\Week 3 - Galaxian c\tmpl84.00a_2013.vcxproj" on node 2 (Build target(s)).
     1>ClCompile:
         D:\New folder\VC\bin\CL.exe /c /Ilib /Ilib\OpenGL /I"lib\SDL2-2.0.3\include" /Ilib\freeimage /Zi /nologo /W3 /WX- /Od /Oy- /D WIN32 /D _DEBUG /D _WINDOWS /D _CRT_SECURE_NO_DEPRECATE /Gm- /RTC1 /MDd /GS /arch:SSE2 /fp:fast /Zc:wchar_t /Zc:forScope /Fo"Debug\\" /Fd"Debug\vc120.pdb" /Gd /TP /analyze- /errorReport:prompt Starfield.cpp game.cpp
         Starfield.cpp
         game.cpp
     1>D:\New folder\VC\include\xlocale(337): warning C4530: C++ exception handler used, but unwind semantics are not enabled. Specify /EHsc
         Generating Code...
       Link:
         D:\New folder\VC\bin\link.exe /ERRORREPORT:PROMPT /OUT:"D:\School NHTV IGAD\Year 1\Block A\Programming\Projects\Year 1\Block A\Week 3 - Galaxian c\Debug\Template.exe" /INCREMENTAL:NO /NOLOGO /LIBPATH:"lib\SDL2-2.0.3\lib\x86" /LIBPATH:lib\OpenGL /LIBPATH:lib\freeimage user32.lib winmm.lib sdl2.lib sdl2main.lib opengl32.lib freeimage.lib /NODEFAULTLIB:msvcrt.lib /MANIFEST /MANIFESTUAC:"level='asInvoker' uiAccess='false'" /manifest:embed /DEBUG /PDB:"D:\School NHTV IGAD\Year 1\Block A\Programming\Projects\Year 1\Block A\Week 3 - Galaxian c\Debug\Template.pdb" /SUBSYSTEM:WINDOWS /TLBID:1 /DYNAMICBASE:NO /IMPLIB:"D:\School NHTV IGAD\Year 1\Block A\Programming\Projects\Year 1\Block A\Week 3 - Galaxian c\Debug\Template.lib" /MACHINE:X86 /SAFESEH Debug\Bullet.obj
         Debug\Corporal.obj
         Debug\EnemyHandler.obj
         Debug\EnemyShip.obj
         Debug\game.obj
         Debug\GameObject.obj
         Debug\Gui.obj
         Debug\ImageLibrary.obj
         Debug\Lieutenant.obj
         Debug\PlayerHandler.obj
         Debug\PlayerShip.obj
         Debug\Private.obj
         Debug\Sergeant.obj
         Debug\Ship.obj
         Debug\SoundLibrary.obj
         Debug\Star.obj
         Debug\Starfield.obj
         Debug\surface.obj
         Debug\template.obj
         Debug\threads.obj
         tmpl84.00a_2013.vcxproj -> D:\School NHTV IGAD\Year 1\Block A\Programming\Projects\Year 1\Block A\Week 3 - Galaxian c\Debug\Template.exe
     1>Done Building Project "D:\School NHTV IGAD\Year 1\Block A\Programming\Projects\Year 1\Block A\Week 3 - Galaxian c\tmpl84.00a_2013.vcxproj" (Build target(s)).

Build succeeded.

Time Elapsed 00:00:02.27
